Determining if the pthread_create exist failed with the following output:
Change Dir: /home/chan/Documents/CLionProjects/ceres_curve_fitting/cmake-build-debug/CMakeFiles/CMakeTmp

Run Build Command(s):/usr/bin/make cmTC_b2fd5/fast 
/usr/bin/make -f CMakeFiles/cmTC_b2fd5.dir/build.make CMakeFiles/cmTC_b2fd5.dir/build
make[1]: Entering directory '/home/chan/Documents/CLionProjects/ceres_curve_fitting/cmake-build-debug/CMakeFiles/CMakeTmp'
Building C object CMakeFiles/cmTC_b2fd5.dir/CheckSymbolExists.c.o
/usr/bin/cc    -o CMakeFiles/cmTC_b2fd5.dir/CheckSymbolExists.c.o   -c /home/chan/Documents/CLionProjects/ceres_curve_fitting/cmake-build-debug/CMakeFiles/CMakeTmp/CheckSymbolExists.c
Linking C executable cmTC_b2fd5
/home/chan/Clion-2019.1.3/bin/cmake/linux/bin/cmake -E cmake_link_script CMakeFiles/cmTC_b2fd5.dir/link.txt --verbose=1
/usr/bin/cc      CMakeFiles/cmTC_b2fd5.dir/CheckSymbolExists.c.o  -o cmTC_b2fd5 
CMakeFiles/cmTC_b2fd5.dir/CheckSymbolExists.c.o: In function `main':
CheckSymbolExists.c:(.text+0x1b): undefined reference to `pthread_create'
collect2: error: ld returned 1 exit status
CMakeFiles/cmTC_b2fd5.dir/build.make:86: recipe for target 'cmTC_b2fd5' failed
make[1]: *** [cmTC_b2fd5] Error 1
make[1]: Leaving directory '/home/chan/Documents/CLionProjects/ceres_curve_fitting/cmake-build-debug/CMakeFiles/CMakeTmp'
Makefile:121: recipe for target 'cmTC_b2fd5/fast' failed
make: *** [cmTC_b2fd5/fast] Error 2

File /home/chan/Documents/CLionProjects/ceres_curve_fitting/cmake-build-debug/CMakeFiles/CMakeTmp/CheckSymbolExists.c:
/* */
#include <pthread.h>

int main(int argc, char** argv)
{
  (void)argv;
#ifndef pthread_create
  return ((int*)(&pthread_create))[argc];
#else
  (void)argc;
  return 0;
#endif
}

Determining if the function pthread_create exists in the pthreads failed with the following output:
Change Dir: /home/chan/Documents/CLionProjects/ceres_curve_fitting/cmake-build-debug/CMakeFiles/CMakeTmp

Run Build Command(s):/usr/bin/make cmTC_1e3a4/fast 
/usr/bin/make -f CMakeFiles/cmTC_1e3a4.dir/build.make CMakeFiles/cmTC_1e3a4.dir/build
make[1]: Entering directory '/home/chan/Documents/CLionProjects/ceres_curve_fitting/cmake-build-debug/CMakeFiles/CMakeTmp'
Building C object CMakeFiles/cmTC_1e3a4.dir/CheckFunctionExists.c.o
/usr/bin/cc   -DCHECK_FUNCTION_EXISTS=pthread_create   -o CMakeFiles/cmTC_1e3a4.dir/CheckFunctionExists.c.o   -c /home/chan/Clion-2019.1.3/bin/cmake/linux/share/cmake-3.14/Modules/CheckFunctionExists.c
Linking C executable cmTC_1e3a4
/home/chan/Clion-2019.1.3/bin/cmake/linux/bin/cmake -E cmake_link_script CMakeFiles/cmTC_1e3a4.dir/link.txt --verbose=1
/usr/bin/cc  -DCHECK_FUNCTION_EXISTS=pthread_create    CMakeFiles/cmTC_1e3a4.dir/CheckFunctionExists.c.o  -o cmTC_1e3a4 -lpthreads 
/usr/bin/ld: cannot find -lpthreads
collect2: error: ld returned 1 exit status
CMakeFiles/cmTC_1e3a4.dir/build.make:86: recipe for target 'cmTC_1e3a4' failed
make[1]: *** [cmTC_1e3a4] Error 1
make[1]: Leaving directory '/home/chan/Documents/CLionProjects/ceres_curve_fitting/cmake-build-debug/CMakeFiles/CMakeTmp'
Makefile:121: recipe for target 'cmTC_1e3a4/fast' failed
make: *** [cmTC_1e3a4/fast] Error 2


